{
  "stats": {
    "suites": 2,
    "tests": 6,
    "passes": 6,
    "pending": 0,
    "failures": 0,
    "start": "2019-02-20T12:18:05.380Z",
    "end": "2019-02-20T12:18:05.382Z",
    "duration": 2,
    "testsRegistered": 6,
    "passPercent": 100,
    "pendingPercent": 0,
    "other": 0,
    "hasOther": false,
    "skipped": 0,
    "hasSkipped": false,
    "passPercentClass": "success",
    "pendingPercentClass": "danger"
  },
  "suites": {
    "uuid": "fbb60bd5-512d-4256-be51-763a406ba461",
    "title": "",
    "fullFile": "",
    "file": "",
    "beforeHooks": [],
    "afterHooks": [],
    "tests": [],
    "suites": [
      {
        "uuid": "ee0cd1da-6320-4498-bcd9-689aa70460d8",
        "title": "Smoke tests",
        "fullFile": "/home/mtzcpd830/projetos/ext/js-tdd-course/tests/main.spec.js",
        "file": "/tests/main.spec.js",
        "beforeHooks": [],
        "afterHooks": [],
        "tests": [
          {
            "title": "'fizzBuzz' should exist:",
            "fullTitle": "Smoke tests 'fizzBuzz' should exist:",
            "timedOut": false,
            "duration": 0,
            "state": "passed",
            "speed": "fast",
            "pass": true,
            "fail": false,
            "pending": false,
            "code": "(0, _chai.expect)(_main.fizzBuzz).to.exist;\n(0, _chai.expect)(_main.fizzBuzz).to.be.a.function;",
            "err": {},
            "isRoot": false,
            "uuid": "e27556d1-0595-4f77-870b-e6bd713d3d2f",
            "isHook": false,
            "skipped": false
          }
        ],
        "suites": [],
        "passes": [
          "e27556d1-0595-4f77-870b-e6bd713d3d2f"
        ],
        "failures": [],
        "pending": [],
        "skipped": [],
        "duration": 0,
        "root": false,
        "rootEmpty": false,
        "_timeout": 2000
      },
      {
        "uuid": "6298015d-e756-4b03-8f7c-5b8ac62ea059",
        "title": "FizzBuzz",
        "fullFile": "/home/mtzcpd830/projetos/ext/js-tdd-course/tests/main.spec.js",
        "file": "/tests/main.spec.js",
        "beforeHooks": [],
        "afterHooks": [],
        "tests": [
          {
            "title": "should return 0 when 0",
            "fullTitle": "FizzBuzz should return 0 when 0",
            "timedOut": false,
            "duration": 0,
            "state": "passed",
            "speed": "fast",
            "pass": true,
            "fail": false,
            "pending": false,
            "code": "(0, _chai.expect)((0, _main.fizzBuzz)(0)).to.be.equal(0);",
            "err": {},
            "isRoot": false,
            "uuid": "a2379a2f-4a31-4272-9a4b-035340832afd",
            "isHook": false,
            "skipped": false
          },
          {
            "title": "should return 'Fizz' when multiple of 3",
            "fullTitle": "FizzBuzz should return 'Fizz' when multiple of 3",
            "timedOut": false,
            "duration": 0,
            "state": "passed",
            "speed": "fast",
            "pass": true,
            "fail": false,
            "pending": false,
            "code": "(0, _chai.expect)((0, _main.fizzBuzz)(3)).to.be.equal('Fizz');\n(0, _chai.expect)((0, _main.fizzBuzz)(6)).to.be.equal('Fizz');\n(0, _chai.expect)((0, _main.fizzBuzz)(9)).to.be.equal('Fizz');",
            "err": {},
            "isRoot": false,
            "uuid": "0baf19ff-53cb-4da8-b708-5446821d3080",
            "isHook": false,
            "skipped": false
          },
          {
            "title": "should return 'Buzz' when multiple of 5",
            "fullTitle": "FizzBuzz should return 'Buzz' when multiple of 5",
            "timedOut": false,
            "duration": 0,
            "state": "passed",
            "speed": "fast",
            "pass": true,
            "fail": false,
            "pending": false,
            "code": "(0, _chai.expect)((0, _main.fizzBuzz)(5)).to.be.equal('Buzz');\n(0, _chai.expect)((0, _main.fizzBuzz)(10)).to.be.equal('Buzz');\n(0, _chai.expect)((0, _main.fizzBuzz)(20)).to.be.equal('Buzz');",
            "err": {},
            "isRoot": false,
            "uuid": "8a001a43-7d22-4f31-8dbb-e763fde1b28d",
            "isHook": false,
            "skipped": false
          },
          {
            "title": "should return 'FizzBuzz' when multiple of 3 and 5",
            "fullTitle": "FizzBuzz should return 'FizzBuzz' when multiple of 3 and 5",
            "timedOut": false,
            "duration": 0,
            "state": "passed",
            "speed": "fast",
            "pass": true,
            "fail": false,
            "pending": false,
            "code": "(0, _chai.expect)((0, _main.fizzBuzz)(15)).to.be.equal('FizzBuzz');\n(0, _chai.expect)((0, _main.fizzBuzz)(30)).to.be.equal('FizzBuzz');\n(0, _chai.expect)((0, _main.fizzBuzz)(45)).to.be.equal('FizzBuzz');",
            "err": {},
            "isRoot": false,
            "uuid": "a9cb7daf-2a63-4d8f-a1f7-eea076e3e547",
            "isHook": false,
            "skipped": false
          },
          {
            "title": "should return own entry when not multiple of 3 and/or 5",
            "fullTitle": "FizzBuzz should return own entry when not multiple of 3 and/or 5",
            "timedOut": false,
            "duration": 0,
            "state": "passed",
            "speed": "fast",
            "pass": true,
            "fail": false,
            "pending": false,
            "code": "(0, _chai.expect)((0, _main.fizzBuzz)(1)).to.be.equal(1);\n(0, _chai.expect)((0, _main.fizzBuzz)(2)).to.be.equal(2);\n(0, _chai.expect)((0, _main.fizzBuzz)(7)).to.be.equal(7);\n(0, _chai.expect)((0, _main.fizzBuzz)(11)).to.be.equal(11);",
            "err": {},
            "isRoot": false,
            "uuid": "93410d64-17cb-422a-9be2-7717b123f6c3",
            "isHook": false,
            "skipped": false
          }
        ],
        "suites": [],
        "passes": [
          "a2379a2f-4a31-4272-9a4b-035340832afd",
          "0baf19ff-53cb-4da8-b708-5446821d3080",
          "8a001a43-7d22-4f31-8dbb-e763fde1b28d",
          "a9cb7daf-2a63-4d8f-a1f7-eea076e3e547",
          "93410d64-17cb-422a-9be2-7717b123f6c3"
        ],
        "failures": [],
        "pending": [],
        "skipped": [],
        "duration": 0,
        "root": false,
        "rootEmpty": false,
        "_timeout": 2000
      }
    ],
    "passes": [],
    "failures": [],
    "pending": [],
    "skipped": [],
    "duration": 0,
    "root": true,
    "rootEmpty": true,
    "_timeout": 2000
  },
  "copyrightYear": 2019
}