{
  "stats": {
    "suites": 2,
    "tests": 6,
    "passes": 6,
    "pending": 0,
    "failures": 0,
    "start": "2019-02-20T12:14:12.359Z",
    "end": "2019-02-20T12:14:12.373Z",
    "duration": 14,
    "testsRegistered": 6,
    "passPercent": 100,
    "pendingPercent": 0,
    "other": 0,
    "hasOther": false,
    "skipped": 0,
    "hasSkipped": false,
    "passPercentClass": "success",
    "pendingPercentClass": "danger"
  },
  "suites": {
    "uuid": "e7640098-4335-43c0-859a-dbf772e8d321",
    "title": "",
    "fullFile": "",
    "file": "",
    "beforeHooks": [],
    "afterHooks": [],
    "tests": [],
    "suites": [
      {
        "uuid": "ab16f3dc-ab22-40c7-8732-bd8be8cc2b21",
        "title": "Smoke tests",
        "fullFile": "/home/mtzcpd830/projetos/ext/js-tdd-course/tests/main.spec.js",
        "file": "/tests/main.spec.js",
        "beforeHooks": [],
        "afterHooks": [],
        "tests": [
          {
            "title": "'fizzBuzz' should exist:",
            "fullTitle": "Smoke tests 'fizzBuzz' should exist:",
            "timedOut": false,
            "duration": 1,
            "state": "passed",
            "speed": "fast",
            "pass": true,
            "fail": false,
            "pending": false,
            "code": "(0, _chai.expect)(_main.fizzBuzz).to.exist;\n(0, _chai.expect)(_main.fizzBuzz).to.be.a.function;",
            "err": {},
            "isRoot": false,
            "uuid": "e41f5c68-d4a1-4d1d-af69-6f3936f4e35d",
            "isHook": false,
            "skipped": false
          }
        ],
        "suites": [],
        "passes": [
          "e41f5c68-d4a1-4d1d-af69-6f3936f4e35d"
        ],
        "failures": [],
        "pending": [],
        "skipped": [],
        "duration": 1,
        "root": false,
        "rootEmpty": false,
        "_timeout": 2000
      },
      {
        "uuid": "1ad3215a-f870-4398-abf2-a6749d137fd3",
        "title": "FizzBuzz",
        "fullFile": "/home/mtzcpd830/projetos/ext/js-tdd-course/tests/main.spec.js",
        "file": "/tests/main.spec.js",
        "beforeHooks": [],
        "afterHooks": [],
        "tests": [
          {
            "title": "should return 0 when 0",
            "fullTitle": "FizzBuzz should return 0 when 0",
            "timedOut": false,
            "duration": 0,
            "state": "passed",
            "speed": "fast",
            "pass": true,
            "fail": false,
            "pending": false,
            "code": "(0, _chai.expect)((0, _main.fizzBuzz)(0)).to.be.equal(0);",
            "err": {},
            "isRoot": false,
            "uuid": "9cd8bc45-02ae-4d44-b7c1-64c923ab96fe",
            "isHook": false,
            "skipped": false
          },
          {
            "title": "should return 'Fizz' when multiple of 3",
            "fullTitle": "FizzBuzz should return 'Fizz' when multiple of 3",
            "timedOut": false,
            "duration": 0,
            "state": "passed",
            "speed": "fast",
            "pass": true,
            "fail": false,
            "pending": false,
            "code": "(0, _chai.expect)((0, _main.fizzBuzz)(3)).to.be.equal('Fizz');\n(0, _chai.expect)((0, _main.fizzBuzz)(6)).to.be.equal('Fizz');\n(0, _chai.expect)((0, _main.fizzBuzz)(9)).to.be.equal('Fizz');",
            "err": {},
            "isRoot": false,
            "uuid": "192b31fd-2554-48db-a8cf-1011603cf2bc",
            "isHook": false,
            "skipped": false
          },
          {
            "title": "should return 'Buzz' when multiple of 5",
            "fullTitle": "FizzBuzz should return 'Buzz' when multiple of 5",
            "timedOut": false,
            "duration": 0,
            "state": "passed",
            "speed": "fast",
            "pass": true,
            "fail": false,
            "pending": false,
            "code": "(0, _chai.expect)((0, _main.fizzBuzz)(5)).to.be.equal('Buzz');\n(0, _chai.expect)((0, _main.fizzBuzz)(10)).to.be.equal('Buzz');\n(0, _chai.expect)((0, _main.fizzBuzz)(20)).to.be.equal('Buzz');",
            "err": {},
            "isRoot": false,
            "uuid": "11c17820-cacb-4cd7-9378-8423ef977256",
            "isHook": false,
            "skipped": false
          },
          {
            "title": "should return 'FizzBuzz' when multiple of 3 and 5",
            "fullTitle": "FizzBuzz should return 'FizzBuzz' when multiple of 3 and 5",
            "timedOut": false,
            "duration": 0,
            "state": "passed",
            "speed": "fast",
            "pass": true,
            "fail": false,
            "pending": false,
            "code": "(0, _chai.expect)((0, _main.fizzBuzz)(15)).to.be.equal('FizzBuzz');\n(0, _chai.expect)((0, _main.fizzBuzz)(30)).to.be.equal('FizzBuzz');\n(0, _chai.expect)((0, _main.fizzBuzz)(45)).to.be.equal('FizzBuzz');",
            "err": {},
            "isRoot": false,
            "uuid": "7a16622a-6389-4996-97a8-774a4d5a4b59",
            "isHook": false,
            "skipped": false
          },
          {
            "title": "should return own entry when not multiple of 3 and/or 5",
            "fullTitle": "FizzBuzz should return own entry when not multiple of 3 and/or 5",
            "timedOut": false,
            "duration": 0,
            "state": "passed",
            "speed": "fast",
            "pass": true,
            "fail": false,
            "pending": false,
            "code": "(0, _chai.expect)((0, _main.fizzBuzz)(1)).to.be.equal(1);\n(0, _chai.expect)((0, _main.fizzBuzz)(2)).to.be.equal(2);\n(0, _chai.expect)((0, _main.fizzBuzz)(7)).to.be.equal(7);\n(0, _chai.expect)((0, _main.fizzBuzz)(11)).to.be.equal(11);",
            "err": {},
            "isRoot": false,
            "uuid": "193aba51-8172-4091-ba02-8629de62bcad",
            "isHook": false,
            "skipped": false
          }
        ],
        "suites": [],
        "passes": [
          "9cd8bc45-02ae-4d44-b7c1-64c923ab96fe",
          "192b31fd-2554-48db-a8cf-1011603cf2bc",
          "11c17820-cacb-4cd7-9378-8423ef977256",
          "7a16622a-6389-4996-97a8-774a4d5a4b59",
          "193aba51-8172-4091-ba02-8629de62bcad"
        ],
        "failures": [],
        "pending": [],
        "skipped": [],
        "duration": 0,
        "root": false,
        "rootEmpty": false,
        "_timeout": 2000
      }
    ],
    "passes": [],
    "failures": [],
    "pending": [],
    "skipped": [],
    "duration": 0,
    "root": true,
    "rootEmpty": true,
    "_timeout": 2000
  },
  "copyrightYear": 2019
}